<?xml version="1.0" encoding="UTF-8"?>
<testsuite xmlns:xsi="http://www.w3.org/2001/XMLSchema-instance" xsi:noNamespaceSchemaLocation="https://maven.apache.org/surefire/maven-surefire-plugin/xsd/surefire-test-report.xsd" name="nodesTests.NodesTest" time="0.455" tests="9" errors="0" skipped="0" failures="0">
  <properties>
[...]
</properties>
  <testcase name="shouldPrintNodes" classname="nodesTests.NodesTest" time="0.198"/>
  <testcase name="shouldGetParentIdForNOde" classname="nodesTests.NodesTest" time="0"/>
  <testcase name="shouldMapNodes" classname="nodesTests.NodesTest" time="0.024"/>
  <testcase name="shouldGetAllParentNodes" classname="nodesTests.NodesTest" time="0"/>
  <testcase name="shouldGetLabelForNOde" classname="nodesTests.NodesTest" time="0"/>
  <testcase name="shouldAddNodesToList" classname="nodesTests.NodesTest" time="0"/>
  <testcase name="shouldGetIdForNOde" classname="nodesTests.NodesTest" time="0"/>
  <testcase name="shouldGetAllChildNodes" classname="nodesTests.NodesTest" time="0"/>
  <testcase name="shouldBeAbleToWriteToJSONFile" classname="nodesTests.NodesTest" time="0.115"/>
</testsuite>